<?xml version="1.0" encoding="UTF-8"?>
<testsuite xmlns:xsi="http://www.w3.org/2001/XMLSchema-instance" xsi:noNamespaceSchemaLocation="https://maven.apache.org/surefire/maven-surefire-plugin/xsd/surefire-test-report-3.0.xsd" version="3.0" name="com.adobe.romannumeralservice.controllers.RomanNumeralControllerTest" time="4.127" tests="4" errors="0" skipped="0" failures="0">
  <properties>
    <property name="java.specification.version" value="21"/>
    <property name="sun.jnu.encoding" value="UTF-8"/>
    <property name="java.class.path" value="/Users/sai/Documents/adobe/Untitled/romannumeralservice/target/test-classes:/Users/sai/Documents/adobe/Untitled/romannumeralservice/target/classes:/Users/sai/.m2/repository/org/springframework/boot/spring-boot-starter-web/3.3.2/spring-boot-starter-web-3.3.2.jar:/Users/sai/.m2/repository/org/springframework/boot/spring-boot-starter/3.3.2/spring-boot-starter-3.3.2.jar:/Users/sai/.m2/repository/org/springframework/boot/spring-boot/3.3.2/spring-boot-3.3.2.jar:/Users/sai/.m2/repository/org/springframework/boot/spring-boot-autoconfigure/3.3.2/spring-boot-autoconfigure-3.3.2.jar:/Users/sai/.m2/repository/org/springframework/boot/spring-boot-starter-logging/3.3.2/spring-boot-starter-logging-3.3.2.jar:/Users/sai/.m2/repository/ch/qos/logback/logback-classic/1.5.6/logback-classic-1.5.6.jar:/Users/sai/.m2/repository/ch/qos/logback/logback-core/1.5.6/logback-core-1.5.6.jar:/Users/sai/.m2/repository/org/apache/logging/log4j/log4j-to-slf4j/2.23.1/log4j-to-slf4j-2.23.1.jar:/Users/sai/.m2/repository/org/apache/logging/log4j/log4j-api/2.23.1/log4j-api-2.23.1.jar:/Users/sai/.m2/repository/org/slf4j/jul-to-slf4j/2.0.13/jul-to-slf4j-2.0.13.jar:/Users/sai/.m2/repository/jakarta/annotation/jakarta.annotation-api/2.1.1/jakarta.annotation-api-2.1.1.jar:/Users/sai/.m2/repository/org/yaml/snakeyaml/2.2/snakeyaml-2.2.jar:/Users/sai/.m2/repository/org/springframework/boot/spring-boot-starter-json/3.3.2/spring-boot-starter-json-3.3.2.jar:/Users/sai/.m2/repository/com/fasterxml/jackson/core/jackson-databind/2.17.2/jackson-databind-2.17.2.jar:/Users/sai/.m2/repository/com/fasterxml/jackson/core/jackson-annotations/2.17.2/jackson-annotations-2.17.2.jar:/Users/sai/.m2/repository/com/fasterxml/jackson/core/jackson-core/2.17.2/jackson-core-2.17.2.jar:/Users/sai/.m2/repository/com/fasterxml/jackson/datatype/jackson-datatype-jdk8/2.17.2/jackson-datatype-jdk8-2.17.2.jar:/Users/sai/.m2/repository/com/fasterxml/jackson/datatype/jackson-datatype-jsr310/2.17.2/jackson-datatype-jsr310-2.17.2.jar:/Users/sai/.m2/repository/com/fasterxml/jackson/module/jackson-module-parameter-names/2.17.2/jackson-module-parameter-names-2.17.2.jar:/Users/sai/.m2/repository/org/springframework/boot/spring-boot-starter-tomcat/3.3.2/spring-boot-starter-tomcat-3.3.2.jar:/Users/sai/.m2/repository/org/apache/tomcat/embed/tomcat-embed-core/10.1.26/tomcat-embed-core-10.1.26.jar:/Users/sai/.m2/repository/org/apache/tomcat/embed/tomcat-embed-el/10.1.26/tomcat-embed-el-10.1.26.jar:/Users/sai/.m2/repository/org/apache/tomcat/embed/tomcat-embed-websocket/10.1.26/tomcat-embed-websocket-10.1.26.jar:/Users/sai/.m2/repository/org/springframework/spring-web/6.1.11/spring-web-6.1.11.jar:/Users/sai/.m2/repository/org/springframework/spring-beans/6.1.11/spring-beans-6.1.11.jar:/Users/sai/.m2/repository/org/springframework/spring-webmvc/6.1.11/spring-webmvc-6.1.11.jar:/Users/sai/.m2/repository/org/springframework/spring-aop/6.1.11/spring-aop-6.1.11.jar:/Users/sai/.m2/repository/org/springframework/spring-context/6.1.11/spring-context-6.1.11.jar:/Users/sai/.m2/repository/org/springframework/spring-expression/6.1.11/spring-expression-6.1.11.jar:/Users/sai/.m2/repository/org/springframework/boot/spring-boot-starter-test/3.3.2/spring-boot-starter-test-3.3.2.jar:/Users/sai/.m2/repository/org/springframework/boot/spring-boot-test/3.3.2/spring-boot-test-3.3.2.jar:/Users/sai/.m2/repository/org/springframework/boot/spring-boot-test-autoconfigure/3.3.2/spring-boot-test-autoconfigure-3.3.2.jar:/Users/sai/.m2/repository/com/jayway/jsonpath/json-path/2.9.0/json-path-2.9.0.jar:/Users/sai/.m2/repository/org/slf4j/slf4j-api/2.0.13/slf4j-api-2.0.13.jar:/Users/sai/.m2/repository/jakarta/xml/bind/jakarta.xml.bind-api/4.0.2/jakarta.xml.bind-api-4.0.2.jar:/Users/sai/.m2/repository/jakarta/activation/jakarta.activation-api/2.1.3/jakarta.activation-api-2.1.3.jar:/Users/sai/.m2/repository/net/minidev/json-smart/2.5.1/json-smart-2.5.1.jar:/Users/sai/.m2/repository/net/minidev/accessors-smart/2.5.1/accessors-smart-2.5.1.jar:/Users/sai/.m2/repository/org/ow2/asm/asm/9.6/asm-9.6.jar:/Users/sai/.m2/repository/org/assertj/assertj-core/3.25.3/assertj-core-3.25.3.jar:/Users/sai/.m2/repository/net/bytebuddy/byte-buddy/1.14.18/byte-buddy-1.14.18.jar:/Users/sai/.m2/repository/org/awaitility/awaitility/4.2.1/awaitility-4.2.1.jar:/Users/sai/.m2/repository/org/hamcrest/hamcrest/2.2/hamcrest-2.2.jar:/Users/sai/.m2/repository/org/junit/jupiter/junit-jupiter/5.10.3/junit-jupiter-5.10.3.jar:/Users/sai/.m2/repository/org/junit/jupiter/junit-jupiter-api/5.10.3/junit-jupiter-api-5.10.3.jar:/Users/sai/.m2/repository/org/opentest4j/opentest4j/1.3.0/opentest4j-1.3.0.jar:/Users/sai/.m2/repository/org/junit/platform/junit-platform-commons/1.10.3/junit-platform-commons-1.10.3.jar:/Users/sai/.m2/repository/org/apiguardian/apiguardian-api/1.1.2/apiguardian-api-1.1.2.jar:/Users/sai/.m2/repository/org/junit/jupiter/junit-jupiter-params/5.10.3/junit-jupiter-params-5.10.3.jar:/Users/sai/.m2/repository/org/junit/jupiter/junit-jupiter-engine/5.10.3/junit-jupiter-engine-5.10.3.jar:/Users/sai/.m2/repository/org/junit/platform/junit-platform-engine/1.10.3/junit-platform-engine-1.10.3.jar:/Users/sai/.m2/repository/org/mockito/mockito-core/5.11.0/mockito-core-5.11.0.jar:/Users/sai/.m2/repository/net/bytebuddy/byte-buddy-agent/1.14.18/byte-buddy-agent-1.14.18.jar:/Users/sai/.m2/repository/org/objenesis/objenesis/3.3/objenesis-3.3.jar:/Users/sai/.m2/repository/org/mockito/mockito-junit-jupiter/5.11.0/mockito-junit-jupiter-5.11.0.jar:/Users/sai/.m2/repository/org/skyscreamer/jsonassert/1.5.3/jsonassert-1.5.3.jar:/Users/sai/.m2/repository/com/vaadin/external/google/android-json/0.0.20131108.vaadin1/android-json-0.0.20131108.vaadin1.jar:/Users/sai/.m2/repository/org/springframework/spring-core/6.1.11/spring-core-6.1.11.jar:/Users/sai/.m2/repository/org/springframework/spring-jcl/6.1.11/spring-jcl-6.1.11.jar:/Users/sai/.m2/repository/org/springframework/spring-test/6.1.11/spring-test-6.1.11.jar:/Users/sai/.m2/repository/org/xmlunit/xmlunit-core/2.9.1/xmlunit-core-2.9.1.jar:/Users/sai/.m2/repository/org/springframework/boot/spring-boot-starter-actuator/3.3.2/spring-boot-starter-actuator-3.3.2.jar:/Users/sai/.m2/repository/org/springframework/boot/spring-boot-actuator-autoconfigure/3.3.2/spring-boot-actuator-autoconfigure-3.3.2.jar:/Users/sai/.m2/repository/org/springframework/boot/spring-boot-actuator/3.3.2/spring-boot-actuator-3.3.2.jar:/Users/sai/.m2/repository/io/micrometer/micrometer-observation/1.13.2/micrometer-observation-1.13.2.jar:/Users/sai/.m2/repository/io/micrometer/micrometer-commons/1.13.2/micrometer-commons-1.13.2.jar:/Users/sai/.m2/repository/io/micrometer/micrometer-jakarta9/1.13.2/micrometer-jakarta9-1.13.2.jar:/Users/sai/.m2/repository/io/micrometer/micrometer-core/1.13.2/micrometer-core-1.13.2.jar:/Users/sai/.m2/repository/org/hdrhistogram/HdrHistogram/2.2.2/HdrHistogram-2.2.2.jar:/Users/sai/.m2/repository/org/latencyutils/LatencyUtils/2.0.3/LatencyUtils-2.0.3.jar:/Users/sai/.m2/repository/junit/junit/4.13.1/junit-4.13.1.jar:/Users/sai/.m2/repository/org/hamcrest/hamcrest-core/2.2/hamcrest-core-2.2.jar:/Users/sai/.m2/repository/org/projectlombok/lombok/1.18.30/lombok-1.18.30.jar:"/>
    <property name="java.vm.vendor" value="Homebrew"/>
    <property name="sun.arch.data.model" value="64"/>
    <property name="java.vendor.url" value="https://github.com/Homebrew/homebrew-core/issues"/>
    <property name="user.timezone" value="America/Chicago"/>
    <property name="os.name" value="Mac OS X"/>
    <property name="java.vm.specification.version" value="21"/>
    <property name="user.country" value="US"/>
    <property name="sun.java.launcher" value="SUN_STANDARD"/>
    <property name="sun.boot.library.path" value="/opt/homebrew/Cellar/openjdk/21.0.1/libexec/openjdk.jdk/Contents/Home/lib"/>
    <property name="sun.java.command" value="/Users/sai/Documents/adobe/Untitled/romannumeralservice/target/surefire/surefirebooter-20240813204812843_3.jar /Users/sai/Documents/adobe/Untitled/romannumeralservice/target/surefire 2024-08-13T20-48-12_694-jvmRun1 surefire-20240813204812843_1tmp surefire_0-20240813204812843_2tmp"/>
    <property name="http.nonProxyHosts" value="local|*.local|169.254/16|*.169.254/16"/>
    <property name="jdk.debug" value="release"/>
    <property name="surefire.test.class.path" value="/Users/sai/Documents/adobe/Untitled/romannumeralservice/target/test-classes:/Users/sai/Documents/adobe/Untitled/romannumeralservice/target/classes:/Users/sai/.m2/repository/org/springframework/boot/spring-boot-starter-web/3.3.2/spring-boot-starter-web-3.3.2.jar:/Users/sai/.m2/repository/org/springframework/boot/spring-boot-starter/3.3.2/spring-boot-starter-3.3.2.jar:/Users/sai/.m2/repository/org/springframework/boot/spring-boot/3.3.2/spring-boot-3.3.2.jar:/Users/sai/.m2/repository/org/springframework/boot/spring-boot-autoconfigure/3.3.2/spring-boot-autoconfigure-3.3.2.jar:/Users/sai/.m2/repository/org/springframework/boot/spring-boot-starter-logging/3.3.2/spring-boot-starter-logging-3.3.2.jar:/Users/sai/.m2/repository/ch/qos/logback/logback-classic/1.5.6/logback-classic-1.5.6.jar:/Users/sai/.m2/repository/ch/qos/logback/logback-core/1.5.6/logback-core-1.5.6.jar:/Users/sai/.m2/repository/org/apache/logging/log4j/log4j-to-slf4j/2.23.1/log4j-to-slf4j-2.23.1.jar:/Users/sai/.m2/repository/org/apache/logging/log4j/log4j-api/2.23.1/log4j-api-2.23.1.jar:/Users/sai/.m2/repository/org/slf4j/jul-to-slf4j/2.0.13/jul-to-slf4j-2.0.13.jar:/Users/sai/.m2/repository/jakarta/annotation/jakarta.annotation-api/2.1.1/jakarta.annotation-api-2.1.1.jar:/Users/sai/.m2/repository/org/yaml/snakeyaml/2.2/snakeyaml-2.2.jar:/Users/sai/.m2/repository/org/springframework/boot/spring-boot-starter-json/3.3.2/spring-boot-starter-json-3.3.2.jar:/Users/sai/.m2/repository/com/fasterxml/jackson/core/jackson-databind/2.17.2/jackson-databind-2.17.2.jar:/Users/sai/.m2/repository/com/fasterxml/jackson/core/jackson-annotations/2.17.2/jackson-annotations-2.17.2.jar:/Users/sai/.m2/repository/com/fasterxml/jackson/core/jackson-core/2.17.2/jackson-core-2.17.2.jar:/Users/sai/.m2/repository/com/fasterxml/jackson/datatype/jackson-datatype-jdk8/2.17.2/jackson-datatype-jdk8-2.17.2.jar:/Users/sai/.m2/repository/com/fasterxml/jackson/datatype/jackson-datatype-jsr310/2.17.2/jackson-datatype-jsr310-2.17.2.jar:/Users/sai/.m2/repository/com/fasterxml/jackson/module/jackson-module-parameter-names/2.17.2/jackson-module-parameter-names-2.17.2.jar:/Users/sai/.m2/repository/org/springframework/boot/spring-boot-starter-tomcat/3.3.2/spring-boot-starter-tomcat-3.3.2.jar:/Users/sai/.m2/repository/org/apache/tomcat/embed/tomcat-embed-core/10.1.26/tomcat-embed-core-10.1.26.jar:/Users/sai/.m2/repository/org/apache/tomcat/embed/tomcat-embed-el/10.1.26/tomcat-embed-el-10.1.26.jar:/Users/sai/.m2/repository/org/apache/tomcat/embed/tomcat-embed-websocket/10.1.26/tomcat-embed-websocket-10.1.26.jar:/Users/sai/.m2/repository/org/springframework/spring-web/6.1.11/spring-web-6.1.11.jar:/Users/sai/.m2/repository/org/springframework/spring-beans/6.1.11/spring-beans-6.1.11.jar:/Users/sai/.m2/repository/org/springframework/spring-webmvc/6.1.11/spring-webmvc-6.1.11.jar:/Users/sai/.m2/repository/org/springframework/spring-aop/6.1.11/spring-aop-6.1.11.jar:/Users/sai/.m2/repository/org/springframework/spring-context/6.1.11/spring-context-6.1.11.jar:/Users/sai/.m2/repository/org/springframework/spring-expression/6.1.11/spring-expression-6.1.11.jar:/Users/sai/.m2/repository/org/springframework/boot/spring-boot-starter-test/3.3.2/spring-boot-starter-test-3.3.2.jar:/Users/sai/.m2/repository/org/springframework/boot/spring-boot-test/3.3.2/spring-boot-test-3.3.2.jar:/Users/sai/.m2/repository/org/springframework/boot/spring-boot-test-autoconfigure/3.3.2/spring-boot-test-autoconfigure-3.3.2.jar:/Users/sai/.m2/repository/com/jayway/jsonpath/json-path/2.9.0/json-path-2.9.0.jar:/Users/sai/.m2/repository/org/slf4j/slf4j-api/2.0.13/slf4j-api-2.0.13.jar:/Users/sai/.m2/repository/jakarta/xml/bind/jakarta.xml.bind-api/4.0.2/jakarta.xml.bind-api-4.0.2.jar:/Users/sai/.m2/repository/jakarta/activation/jakarta.activation-api/2.1.3/jakarta.activation-api-2.1.3.jar:/Users/sai/.m2/repository/net/minidev/json-smart/2.5.1/json-smart-2.5.1.jar:/Users/sai/.m2/repository/net/minidev/accessors-smart/2.5.1/accessors-smart-2.5.1.jar:/Users/sai/.m2/repository/org/ow2/asm/asm/9.6/asm-9.6.jar:/Users/sai/.m2/repository/org/assertj/assertj-core/3.25.3/assertj-core-3.25.3.jar:/Users/sai/.m2/repository/net/bytebuddy/byte-buddy/1.14.18/byte-buddy-1.14.18.jar:/Users/sai/.m2/repository/org/awaitility/awaitility/4.2.1/awaitility-4.2.1.jar:/Users/sai/.m2/repository/org/hamcrest/hamcrest/2.2/hamcrest-2.2.jar:/Users/sai/.m2/repository/org/junit/jupiter/junit-jupiter/5.10.3/junit-jupiter-5.10.3.jar:/Users/sai/.m2/repository/org/junit/jupiter/junit-jupiter-api/5.10.3/junit-jupiter-api-5.10.3.jar:/Users/sai/.m2/repository/org/opentest4j/opentest4j/1.3.0/opentest4j-1.3.0.jar:/Users/sai/.m2/repository/org/junit/platform/junit-platform-commons/1.10.3/junit-platform-commons-1.10.3.jar:/Users/sai/.m2/repository/org/apiguardian/apiguardian-api/1.1.2/apiguardian-api-1.1.2.jar:/Users/sai/.m2/repository/org/junit/jupiter/junit-jupiter-params/5.10.3/junit-jupiter-params-5.10.3.jar:/Users/sai/.m2/repository/org/junit/jupiter/junit-jupiter-engine/5.10.3/junit-jupiter-engine-5.10.3.jar:/Users/sai/.m2/repository/org/junit/platform/junit-platform-engine/1.10.3/junit-platform-engine-1.10.3.jar:/Users/sai/.m2/repository/org/mockito/mockito-core/5.11.0/mockito-core-5.11.0.jar:/Users/sai/.m2/repository/net/bytebuddy/byte-buddy-agent/1.14.18/byte-buddy-agent-1.14.18.jar:/Users/sai/.m2/repository/org/objenesis/objenesis/3.3/objenesis-3.3.jar:/Users/sai/.m2/repository/org/mockito/mockito-junit-jupiter/5.11.0/mockito-junit-jupiter-5.11.0.jar:/Users/sai/.m2/repository/org/skyscreamer/jsonassert/1.5.3/jsonassert-1.5.3.jar:/Users/sai/.m2/repository/com/vaadin/external/google/android-json/0.0.20131108.vaadin1/android-json-0.0.20131108.vaadin1.jar:/Users/sai/.m2/repository/org/springframework/spring-core/6.1.11/spring-core-6.1.11.jar:/Users/sai/.m2/repository/org/springframework/spring-jcl/6.1.11/spring-jcl-6.1.11.jar:/Users/sai/.m2/repository/org/springframework/spring-test/6.1.11/spring-test-6.1.11.jar:/Users/sai/.m2/repository/org/xmlunit/xmlunit-core/2.9.1/xmlunit-core-2.9.1.jar:/Users/sai/.m2/repository/org/springframework/boot/spring-boot-starter-actuator/3.3.2/spring-boot-starter-actuator-3.3.2.jar:/Users/sai/.m2/repository/org/springframework/boot/spring-boot-actuator-autoconfigure/3.3.2/spring-boot-actuator-autoconfigure-3.3.2.jar:/Users/sai/.m2/repository/org/springframework/boot/spring-boot-actuator/3.3.2/spring-boot-actuator-3.3.2.jar:/Users/sai/.m2/repository/io/micrometer/micrometer-observation/1.13.2/micrometer-observation-1.13.2.jar:/Users/sai/.m2/repository/io/micrometer/micrometer-commons/1.13.2/micrometer-commons-1.13.2.jar:/Users/sai/.m2/repository/io/micrometer/micrometer-jakarta9/1.13.2/micrometer-jakarta9-1.13.2.jar:/Users/sai/.m2/repository/io/micrometer/micrometer-core/1.13.2/micrometer-core-1.13.2.jar:/Users/sai/.m2/repository/org/hdrhistogram/HdrHistogram/2.2.2/HdrHistogram-2.2.2.jar:/Users/sai/.m2/repository/org/latencyutils/LatencyUtils/2.0.3/LatencyUtils-2.0.3.jar:/Users/sai/.m2/repository/junit/junit/4.13.1/junit-4.13.1.jar:/Users/sai/.m2/repository/org/hamcrest/hamcrest-core/2.2/hamcrest-core-2.2.jar:/Users/sai/.m2/repository/org/projectlombok/lombok/1.18.30/lombok-1.18.30.jar:"/>
    <property name="sun.cpu.endian" value="little"/>
    <property name="user.home" value="/Users/sai"/>
    <property name="user.language" value="en"/>
    <property name="java.specification.vendor" value="Oracle Corporation"/>
    <property name="java.version.date" value="2023-10-17"/>
    <property name="java.home" value="/opt/homebrew/Cellar/openjdk/21.0.1/libexec/openjdk.jdk/Contents/Home"/>
    <property name="file.separator" value="/"/>
    <property name="basedir" value="/Users/sai/Documents/adobe/Untitled/romannumeralservice"/>
    <property name="java.vm.compressedOopsMode" value="Zero based"/>
    <property name="line.separator" value="&#10;"/>
    <property name="java.vm.specification.vendor" value="Oracle Corporation"/>
    <property name="java.specification.name" value="Java Platform API Specification"/>
    <property name="FILE_LOG_CHARSET" value="UTF-8"/>
    <property name="java.awt.headless" value="true"/>
    <property name="apple.awt.application.name" value="ForkedBooter"/>
    <property name="surefire.real.class.path" value="/Users/sai/Documents/adobe/Untitled/romannumeralservice/target/surefire/surefirebooter-20240813204812843_3.jar"/>
    <property name="sun.management.compiler" value="HotSpot 64-Bit Tiered Compilers"/>
    <property name="ftp.nonProxyHosts" value="local|*.local|169.254/16|*.169.254/16"/>
    <property name="java.runtime.version" value="21.0.1"/>
    <property name="user.name" value="sai"/>
    <property name="stdout.encoding" value="UTF-8"/>
    <property name="path.separator" value=":"/>
    <property name="os.version" value="14.3"/>
    <property name="java.runtime.name" value="OpenJDK Runtime Environment"/>
    <property name="file.encoding" value="UTF-8"/>
    <property name="java.vm.name" value="OpenJDK 64-Bit Server VM"/>
    <property name="java.vendor.version" value="Homebrew"/>
    <property name="LOG_FILE" value="logs/application.log"/>
    <property name="localRepository" value="/Users/sai/.m2/repository"/>
    <property name="java.vendor.url.bug" value="https://github.com/Homebrew/homebrew-core/issues"/>
    <property name="java.io.tmpdir" value="/var/folders/cz/f0l5zpmd1q99b7wtxvs15vym0000gn/T/"/>
    <property name="java.version" value="21.0.1"/>
    <property name="user.dir" value="/Users/sai/Documents/adobe/Untitled/romannumeralservice"/>
    <property name="os.arch" value="aarch64"/>
    <property name="java.vm.specification.name" value="Java Virtual Machine Specification"/>
    <property name="PID" value="34979"/>
    <property name="CONSOLE_LOG_CHARSET" value="UTF-8"/>
    <property name="native.encoding" value="UTF-8"/>
    <property name="java.library.path" value="/Users/sai/Library/Java/Extensions:/Library/Java/Extensions:/Network/Library/Java/Extensions:/System/Library/Java/Extensions:/usr/lib/java:."/>
    <property name="java.vm.info" value="mixed mode, sharing"/>
    <property name="stderr.encoding" value="UTF-8"/>
    <property name="java.vendor" value="Homebrew"/>
    <property name="java.vm.version" value="21.0.1"/>
    <property name="sun.io.unicode.encoding" value="UnicodeBig"/>
    <property name="socksNonProxyHosts" value="local|*.local|169.254/16|*.169.254/16"/>
    <property name="java.class.version" value="65.0"/>
    <property name="LOGGED_APPLICATION_NAME" value="[romannumeralservice] "/>
  </properties>
  <testcase name="testHome" classname="com.adobe.romannumeralservice.controllers.RomanNumeralControllerTest" time="0.974">
    <system-out><![CDATA[20:48:13.977 [main] INFO org.springframework.test.context.support.AnnotationConfigContextLoaderUtils -- Could not detect default configuration classes for test class [com.adobe.romannumeralservice.controllers.RomanNumeralControllerTest]: RomanNumeralControllerTest does not declare any static, non-private, non-final, nested classes annotated with @Configuration.
20:48:14.151 [main] INFO org.springframework.boot.test.context.SpringBootTestContextBootstrapper -- Found @SpringBootConfiguration com.adobe.romannumeralservice.RomannumeralserviceApplication for test class com.adobe.romannumeralservice.controllers.RomanNumeralControllerTest

  .   ____          _            __ _ _
 /\\ / ___'_ __ _ _(_)_ __  __ _ \ \ \ \
( ( )\___ | '_ | '_| | '_ \/ _` | \ \ \ \
 \\/  ___)| |_)| | | | | || (_| |  ) ) ) )
  '  |____| .__|_| |_|_| |_\__, | / / / /
 =========|_|==============|___/=/_/_/_/

 :: Spring Boot ::                (v3.3.2)

2024-08-13T20:48:14.636-05:00  INFO 34979 --- [romannumeralservice] [           main] c.a.r.c.RomanNumeralControllerTest       : Starting RomanNumeralControllerTest using Java 21.0.1 with PID 34979 (started by sai in /Users/sai/Documents/adobe/Untitled/romannumeralservice)
2024-08-13T20:48:14.638-05:00  INFO 34979 --- [romannumeralservice] [           main] c.a.r.c.RomanNumeralControllerTest       : No active profile set, falling back to 1 default profile: "default"
2024-08-13T20:48:14.655-05:00 DEBUG 34979 --- [romannumeralservice] [           main] o.s.w.c.s.GenericWebApplicationContext   : Refreshing org.springframework.web.context.support.GenericWebApplicationContext@2555fff0
2024-08-13T20:48:15.974-05:00 DEBUG 34979 --- [romannumeralservice] [           main] s.w.s.m.m.a.RequestMappingHandlerMapping : 4 mappings in 'requestMappingHandlerMapping'
2024-08-13T20:48:16.048-05:00 DEBUG 34979 --- [romannumeralservice] [           main] o.s.w.s.handler.SimpleUrlHandlerMapping  : Patterns [/webjars/**, /**] in 'resourceHandlerMapping'
2024-08-13T20:48:16.073-05:00 DEBUG 34979 --- [romannumeralservice] [           main] s.w.s.m.m.a.RequestMappingHandlerAdapter : ControllerAdvice beans: 0 @ModelAttribute, 0 @InitBinder, 1 RequestBodyAdvice, 1 ResponseBodyAdvice
2024-08-13T20:48:16.102-05:00 DEBUG 34979 --- [romannumeralservice] [           main] .m.m.a.ExceptionHandlerExceptionResolver : ControllerAdvice beans: 0 @ExceptionHandler, 1 ResponseBodyAdvice
2024-08-13T20:48:16.429-05:00 DEBUG 34979 --- [romannumeralservice] [           main] o.s.w.f.ServerHttpObservationFilter      : Filter 'webMvcObservationFilter' configured for use
2024-08-13T20:48:16.431-05:00  INFO 34979 --- [romannumeralservice] [           main] o.s.b.t.m.w.SpringBootMockServletContext : Initializing Spring TestDispatcherServlet ''
2024-08-13T20:48:16.432-05:00  INFO 34979 --- [romannumeralservice] [           main] o.s.t.web.servlet.TestDispatcherServlet  : Initializing Servlet ''
2024-08-13T20:48:16.449-05:00  INFO 34979 --- [romannumeralservice] [           main] o.s.b.a.e.web.EndpointLinksResolver      : Exposing 3 endpoints beneath base path '/actuator'
2024-08-13T20:48:16.465-05:00  INFO 34979 --- [romannumeralservice] [           main] o.s.t.web.servlet.TestDispatcherServlet  : Completed initialization in 33 ms
2024-08-13T20:48:16.559-05:00  INFO 34979 --- [romannumeralservice] [           main] c.a.r.c.RomanNumeralControllerTest       : Started RomanNumeralControllerTest in 2.259 seconds (process running for 3.603)
2024-08-13T20:48:17.614-05:00 DEBUG 34979 --- [romannumeralservice] [           main] s.w.s.m.m.a.RequestMappingHandlerMapping : Mapped to com.adobe.romannumeralservice.controllers.RomanNumeralController#home()
2024-08-13T20:48:17.642-05:00 DEBUG 34979 --- [romannumeralservice] [           main] m.m.a.RequestResponseBodyMethodProcessor : Using 'text/plain', given [*/*] and supported [text/plain, */*, application/json, application/*+json]
2024-08-13T20:48:17.644-05:00 DEBUG 34979 --- [romannumeralservice] [           main] m.m.a.RequestResponseBodyMethodProcessor : Writing ["Welcome to the Roman Numeral Converter API.<br>Use /romannumeral?query=INPUT_NUMBER to convert a spe (truncated)..."]
]]></system-out>
    <system-err><![CDATA[WARNING: A Java agent has been loaded dynamically (/Users/sai/.m2/repository/net/bytebuddy/byte-buddy-agent/1.14.18/byte-buddy-agent-1.14.18.jar)
WARNING: If a serviceability tool is in use, please run with -XX:+EnableDynamicAgentLoading to hide this warning
WARNING: If a serviceability tool is not in use, please run with -Djdk.instrument.traceUsage for more information
WARNING: Dynamic loading of agents will be disallowed by default in a future release
]]></system-err>
  </testcase>
  <testcase name="testGetRomanNumeralRange" classname="com.adobe.romannumeralservice.controllers.RomanNumeralControllerTest" time="0.107">
    <system-out><![CDATA[2024-08-13T20:48:17.676-05:00 DEBUG 34979 --- [romannumeralservice] [           main] s.w.s.m.m.a.RequestMappingHandlerMapping : Mapped to com.adobe.romannumeralservice.controllers.RomanNumeralController#getRomanNumeral(String, String, String)
2024-08-13T20:48:17.687-05:00  INFO 34979 --- [romannumeralservice] [           main] c.a.r.c.RomanNumeralController           : Received request - query: null, min: 1, max: 5
2024-08-13T20:48:17.701-05:00  INFO 34979 --- [romannumeralservice] [onPool-worker-1] c.a.r.services.RomanNumeralService       : Converting number: 1
2024-08-13T20:48:17.702-05:00  INFO 34979 --- [romannumeralservice] [onPool-worker-1] c.a.r.services.RomanNumeralService       : Converted number to Roman numeral: I
2024-08-13T20:48:17.702-05:00  INFO 34979 --- [romannumeralservice] [onPool-worker-1] c.a.r.services.RomanNumeralService       : Converting number: 3
2024-08-13T20:48:17.702-05:00  INFO 34979 --- [romannumeralservice] [onPool-worker-1] c.a.r.services.RomanNumeralService       : Converted number to Roman numeral: III
2024-08-13T20:48:17.702-05:00  INFO 34979 --- [romannumeralservice] [onPool-worker-1] c.a.r.services.RomanNumeralService       : Converting number: 4
2024-08-13T20:48:17.702-05:00  INFO 34979 --- [romannumeralservice] [onPool-worker-1] c.a.r.services.RomanNumeralService       : Converted number to Roman numeral: IV
2024-08-13T20:48:17.703-05:00  INFO 34979 --- [romannumeralservice] [onPool-worker-1] c.a.r.services.RomanNumeralService       : Converting number: 5
2024-08-13T20:48:17.703-05:00  INFO 34979 --- [romannumeralservice] [onPool-worker-1] c.a.r.services.RomanNumeralService       : Converted number to Roman numeral: V
2024-08-13T20:48:17.705-05:00  INFO 34979 --- [romannumeralservice] [onPool-worker-2] c.a.r.services.RomanNumeralService       : Converting number: 2
2024-08-13T20:48:17.705-05:00  INFO 34979 --- [romannumeralservice] [onPool-worker-2] c.a.r.services.RomanNumeralService       : Converted number to Roman numeral: II
2024-08-13T20:48:17.716-05:00 DEBUG 34979 --- [romannumeralservice] [           main] o.s.w.s.m.m.a.HttpEntityMethodProcessor  : Using 'application/json', given [*/*] and supported [application/json, application/*+json]
2024-08-13T20:48:17.718-05:00 DEBUG 34979 --- [romannumeralservice] [           main] o.s.w.s.m.m.a.HttpEntityMethodProcessor  : Writing [{conversions=[{input=1, output=I}, {input=2, output=II}, {input=3, output=III}, {input=4, output=IV} (truncated)...]
]]></system-out>
  </testcase>
  <testcase name="testGetRomanNumeralInvalidParameters" classname="com.adobe.romannumeralservice.controllers.RomanNumeralControllerTest" time="0.022">
    <system-out><![CDATA[2024-08-13T20:48:17.782-05:00 DEBUG 34979 --- [romannumeralservice] [           main] s.w.s.m.m.a.RequestMappingHandlerMapping : Mapped to com.adobe.romannumeralservice.controllers.RomanNumeralController#getRomanNumeral(String, String, String)
2024-08-13T20:48:17.783-05:00  INFO 34979 --- [romannumeralservice] [           main] c.a.r.c.RomanNumeralController           : Received request - query: 1, min: 5, max: 1
2024-08-13T20:48:17.784-05:00 DEBUG 34979 --- [romannumeralservice] [           main] o.s.w.s.m.m.a.HttpEntityMethodProcessor  : Using 'text/plain', given [*/*] and supported [text/plain, */*, application/json, application/*+json]
2024-08-13T20:48:17.785-05:00 DEBUG 34979 --- [romannumeralservice] [           main] o.s.w.s.m.m.a.HttpEntityMethodProcessor  : Writing ["Error: Invalid parameters. Please provide either 'query' or both 'min' and 'max'."]
2024-08-13T20:48:17.789-05:00 DEBUG 34979 --- [romannumeralservice] [           main] s.w.s.m.m.a.RequestMappingHandlerMapping : Mapped to com.adobe.romannumeralservice.controllers.RomanNumeralController#getRomanNumeral(String, String, String)
2024-08-13T20:48:17.789-05:00  INFO 34979 --- [romannumeralservice] [           main] c.a.r.c.RomanNumeralController           : Received request - query: null, min: 5, max: 1
2024-08-13T20:48:17.790-05:00 DEBUG 34979 --- [romannumeralservice] [           main] o.s.w.s.m.m.a.HttpEntityMethodProcessor  : Using 'text/plain', given [*/*] and supported [text/plain, */*, application/json, application/*+json]
2024-08-13T20:48:17.791-05:00 DEBUG 34979 --- [romannumeralservice] [           main] o.s.w.s.m.m.a.HttpEntityMethodProcessor  : Writing ["Error: Invalid range: 'min' should be less than 'max'."]
2024-08-13T20:48:17.795-05:00 DEBUG 34979 --- [romannumeralservice] [           main] s.w.s.m.m.a.RequestMappingHandlerMapping : Mapped to com.adobe.romannumeralservice.controllers.RomanNumeralController#getRomanNumeral(String, String, String)
2024-08-13T20:48:17.796-05:00  INFO 34979 --- [romannumeralservice] [           main] c.a.r.c.RomanNumeralController           : Received request - query: null, min: null, max: null
2024-08-13T20:48:17.797-05:00 DEBUG 34979 --- [romannumeralservice] [           main] o.s.w.s.m.m.a.HttpEntityMethodProcessor  : Using 'text/plain', given [*/*] and supported [text/plain, */*, application/json, application/*+json]
2024-08-13T20:48:17.797-05:00 DEBUG 34979 --- [romannumeralservice] [           main] o.s.w.s.m.m.a.HttpEntityMethodProcessor  : Writing ["Error: Invalid parameters. Please provide either 'query' or both 'min' and 'max'."]
]]></system-out>
  </testcase>
  <testcase name="testGetRomanNumeral" classname="com.adobe.romannumeralservice.controllers.RomanNumeralControllerTest" time="0.009">
    <system-out><![CDATA[2024-08-13T20:48:17.806-05:00 DEBUG 34979 --- [romannumeralservice] [           main] s.w.s.m.m.a.RequestMappingHandlerMapping : Mapped to com.adobe.romannumeralservice.controllers.RomanNumeralController#getRomanNumeral(String, String, String)
2024-08-13T20:48:17.806-05:00  INFO 34979 --- [romannumeralservice] [           main] c.a.r.c.RomanNumeralController           : Received request - query: 1, min: null, max: null
2024-08-13T20:48:17.806-05:00  INFO 34979 --- [romannumeralservice] [           main] c.a.r.services.RomanNumeralService       : Converting number: 1
2024-08-13T20:48:17.807-05:00  INFO 34979 --- [romannumeralservice] [           main] c.a.r.services.RomanNumeralService       : Converted number to Roman numeral: I
2024-08-13T20:48:17.807-05:00 DEBUG 34979 --- [romannumeralservice] [           main] o.s.w.s.m.m.a.HttpEntityMethodProcessor  : Using 'application/json', given [*/*] and supported [application/json, application/*+json]
2024-08-13T20:48:17.808-05:00 DEBUG 34979 --- [romannumeralservice] [           main] o.s.w.s.m.m.a.HttpEntityMethodProcessor  : Writing [{input=1, output=I}]
]]></system-out>
  </testcase>
</testsuite>